c:\users\phatpeen\documents\github\billware-csgo-v2\intermediate\lmathlib.obj
c:\users\phatpeen\documents\github\billware-csgo-v2\intermediate\ltm.obj
c:\users\phatpeen\documents\github\billware-csgo-v2\intermediate\lauxlib.obj
c:\users\phatpeen\documents\github\billware-csgo-v2\intermediate\hook.obj
c:\users\phatpeen\documents\github\billware-csgo-v2\intermediate\ldebug.obj
c:\users\phatpeen\documents\github\billware-csgo-v2\intermediate\lstring.obj
c:\users\phatpeen\documents\github\billware-csgo-v2\intermediate\lcode.obj
c:\users\phatpeen\documents\github\billware-csgo-v2\intermediate\lzio.obj
c:\users\phatpeen\documents\github\billware-csgo-v2\intermediate\lfunc.obj
c:\users\phatpeen\documents\github\billware-csgo-v2\intermediate\lparser.obj
c:\users\phatpeen\documents\github\billware-csgo-v2\intermediate\lctype.obj
c:\users\phatpeen\documents\github\billware-csgo-v2\intermediate\lopcodes.obj
c:\users\phatpeen\documents\github\billware-csgo-v2\intermediate\hde64.obj
c:\users\phatpeen\documents\github\billware-csgo-v2\intermediate\llex.obj
c:\users\phatpeen\documents\github\billware-csgo-v2\intermediate\lstrlib.obj
c:\users\phatpeen\documents\github\billware-csgo-v2\intermediate\lbaselib.obj
c:\users\phatpeen\documents\github\billware-csgo-v2\intermediate\trampoline.obj
c:\users\phatpeen\documents\github\billware-csgo-v2\intermediate\ldo.obj
c:\users\phatpeen\documents\github\billware-csgo-v2\intermediate\lvm.obj
c:\users\phatpeen\documents\github\billware-csgo-v2\intermediate\lcorolib.obj
c:\users\phatpeen\documents\github\billware-csgo-v2\intermediate\buffer.obj
c:\users\phatpeen\documents\github\billware-csgo-v2\intermediate\liolib.obj
c:\users\phatpeen\documents\github\billware-csgo-v2\intermediate\hde32.obj
c:\users\phatpeen\documents\github\billware-csgo-v2\intermediate\lobject.obj
c:\users\phatpeen\documents\github\billware-csgo-v2\intermediate\lgc.obj
c:\users\phatpeen\documents\github\billware-csgo-v2\intermediate\lua.obj
c:\users\phatpeen\documents\github\billware-csgo-v2\intermediate\lmem.obj
c:\users\phatpeen\documents\github\billware-csgo-v2\intermediate\loslib.obj
c:\users\phatpeen\documents\github\billware-csgo-v2\intermediate\lbitlib.obj
c:\users\phatpeen\documents\github\billware-csgo-v2\intermediate\lutf8lib.obj
c:\users\phatpeen\documents\github\billware-csgo-v2\intermediate\ldblib.obj
c:\users\phatpeen\documents\github\billware-csgo-v2\intermediate\lundump.obj
c:\users\phatpeen\documents\github\billware-csgo-v2\intermediate\ldump.obj
c:\users\phatpeen\documents\github\billware-csgo-v2\intermediate\lstate.obj
c:\users\phatpeen\documents\github\billware-csgo-v2\intermediate\linit.obj
c:\users\phatpeen\documents\github\billware-csgo-v2\intermediate\ltablib.obj
c:\users\phatpeen\documents\github\billware-csgo-v2\intermediate\loadlib.obj
c:\users\phatpeen\documents\github\billware-csgo-v2\intermediate\lapi.obj
c:\users\phatpeen\documents\github\billware-csgo-v2\intermediate\ltable.obj
c:\users\phatpeen\documents\github\billware-csgo-v2\intermediate\calculator.obj
c:\users\phatpeen\documents\github\billware-csgo-v2\intermediate\frame_stage_notify.obj
c:\users\phatpeen\documents\github\billware-csgo-v2\intermediate\connection_win.obj
c:\users\phatpeen\documents\github\billware-csgo-v2\intermediate\discord_rpc.obj
c:\users\phatpeen\documents\github\billware-csgo-v2\intermediate\view_matrix.obj
c:\users\phatpeen\documents\github\billware-csgo-v2\intermediate\prediction.obj
c:\users\phatpeen\documents\github\billware-csgo-v2\intermediate\d3d.obj
c:\users\phatpeen\documents\github\billware-csgo-v2\intermediate\hooks.obj
c:\users\phatpeen\documents\github\billware-csgo-v2\intermediate\scaleform.obj
c:\users\phatpeen\documents\github\billware-csgo-v2\intermediate\create_move.obj
c:\users\phatpeen\documents\github\billware-csgo-v2\intermediate\vsnprintf.obj
c:\users\phatpeen\documents\github\billware-csgo-v2\intermediate\dllmain.obj
c:\users\phatpeen\documents\github\billware-csgo-v2\intermediate\fire_event.obj
c:\users\phatpeen\documents\github\billware-csgo-v2\intermediate\sv_pure.obj
c:\users\phatpeen\documents\github\billware-csgo-v2\intermediate\sdk.obj
c:\users\phatpeen\documents\github\billware-csgo-v2\intermediate\movement.obj
c:\users\phatpeen\documents\github\billware-csgo-v2\intermediate\get_screen_aspect_ratio.obj
c:\users\phatpeen\documents\github\billware-csgo-v2\intermediate\should_draw_viewmodel.obj
c:\users\phatpeen\documents\github\billware-csgo-v2\intermediate\misc.obj
c:\users\phatpeen\documents\github\billware-csgo-v2\intermediate\get_color_modulation.obj
c:\users\phatpeen\documents\github\billware-csgo-v2\intermediate\send_datagram.obj
c:\users\phatpeen\documents\github\billware-csgo-v2\intermediate\triggerbot.obj
c:\users\phatpeen\documents\github\billware-csgo-v2\intermediate\weather.obj
c:\users\phatpeen\documents\github\billware-csgo-v2\intermediate\override_mouse_input.obj
c:\users\phatpeen\documents\github\billware-csgo-v2\intermediate\structures.obj
c:\users\phatpeen\documents\github\billware-csgo-v2\intermediate\jumpstats.obj
c:\users\phatpeen\documents\github\billware-csgo-v2\intermediate\is_connected.obj
c:\users\phatpeen\documents\github\billware-csgo-v2\intermediate\set_visuals_data.obj
c:\users\phatpeen\documents\github\billware-csgo-v2\intermediate\vec3.obj
c:\users\phatpeen\documents\github\billware-csgo-v2\intermediate\parser.obj
c:\users\phatpeen\documents\github\billware-csgo-v2\intermediate\player.obj
c:\users\phatpeen\documents\github\billware-csgo-v2\intermediate\override_view.obj
c:\users\phatpeen\documents\github\billware-csgo-v2\intermediate\color.obj
c:\users\phatpeen\documents\github\billware-csgo-v2\intermediate\scripts.obj
c:\users\phatpeen\documents\github\billware-csgo-v2\intermediate\draw_model_execute.obj
c:\users\phatpeen\documents\github\billware-csgo-v2\intermediate\discord_rpc_load.obj
c:\users\phatpeen\documents\github\billware-csgo-v2\intermediate\knife_proxy.obj
c:\users\phatpeen\documents\github\billware-csgo-v2\intermediate\grenade_prediction.obj
c:\users\phatpeen\documents\github\billware-csgo-v2\intermediate\on_jump.obj
c:\users\phatpeen\documents\github\billware-csgo-v2\intermediate\nav_elements.obj
c:\users\phatpeen\documents\github\billware-csgo-v2\intermediate\events.obj
c:\users\phatpeen\documents\github\billware-csgo-v2\intermediate\draw_set_color.obj
c:\users\phatpeen\documents\github\billware-csgo-v2\intermediate\push_notice.obj
c:\users\phatpeen\documents\github\billware-csgo-v2\intermediate\rage.obj
c:\users\phatpeen\documents\github\billware-csgo-v2\intermediate\chams.obj
c:\users\phatpeen\documents\github\billware-csgo-v2\intermediate\emit_sound.obj
c:\users\phatpeen\documents\github\billware-csgo-v2\intermediate\supports_full_depth.obj
c:\users\phatpeen\documents\github\billware-csgo-v2\intermediate\menu.obj
c:\users\phatpeen\documents\github\billware-csgo-v2\intermediate\utility.obj
c:\users\phatpeen\documents\github\billware-csgo-v2\intermediate\list_leaves_in_box.obj
c:\users\phatpeen\documents\github\billware-csgo-v2\intermediate\imgui_demo.obj
c:\users\phatpeen\documents\github\billware-csgo-v2\intermediate\imgui_draw.obj
c:\users\phatpeen\documents\github\billware-csgo-v2\intermediate\backtrack.obj
c:\users\phatpeen\documents\github\billware-csgo-v2\intermediate\visuals.obj
c:\users\phatpeen\documents\github\billware-csgo-v2\intermediate\paint_traverse.obj
c:\users\phatpeen\documents\github\billware-csgo-v2\intermediate\render.obj
c:\users\phatpeen\documents\github\billware-csgo-v2\intermediate\skins.obj
c:\users\phatpeen\documents\github\billware-csgo-v2\intermediate\glow.obj
c:\users\phatpeen\documents\github\billware-csgo-v2\intermediate\on_screen_size_changed.obj
c:\users\phatpeen\documents\github\billware-csgo-v2\intermediate\custom.obj
c:\users\phatpeen\documents\github\billware-csgo-v2\intermediate\aimbot.obj
c:\users\phatpeen\documents\github\billware-csgo-v2\intermediate\do_post_screen_effects.obj
c:\users\phatpeen\documents\github\billware-csgo-v2\intermediate\discord_register_win.obj
c:\users\phatpeen\documents\github\billware-csgo-v2\intermediate\imgui.obj
c:\users\phatpeen\documents\github\billware-csgo-v2\intermediate\imgui_impl_win32.obj
c:\users\phatpeen\documents\github\billware-csgo-v2\intermediate\jsoncpp.obj
c:\users\phatpeen\documents\github\billware-csgo-v2\intermediate\draw.obj
c:\users\phatpeen\documents\github\billware-csgo-v2\intermediate\recorder.obj
c:\users\phatpeen\documents\github\billware-csgo-v2\intermediate\level_init_pre_entity.obj
c:\users\phatpeen\documents\github\billware-csgo-v2\intermediate\etc_elements.obj
c:\users\phatpeen\documents\github\billware-csgo-v2\intermediate\netvars.obj
c:\users\phatpeen\documents\github\billware-csgo-v2\intermediate\cache.obj
c:\users\phatpeen\documents\github\billware-csgo-v2\intermediate\base_player.obj
c:\users\phatpeen\documents\github\billware-csgo-v2\intermediate\modify_eye_position.obj
c:\users\phatpeen\documents\github\billware-csgo-v2\intermediate\serialization.obj
c:\users\phatpeen\documents\github\billware-csgo-v2\intermediate\imgui_tables.obj
c:\users\phatpeen\documents\github\billware-csgo-v2\intermediate\config.obj
c:\users\phatpeen\documents\github\billware-csgo-v2\intermediate\autowall.obj
c:\users\phatpeen\documents\github\billware-csgo-v2\intermediate\alloc_key_values_memory.obj
c:\users\phatpeen\documents\github\billware-csgo-v2\intermediate\lock_cursor.obj
c:\users\phatpeen\documents\github\billware-csgo-v2\intermediate\rpc_connection.obj
c:\users\phatpeen\documents\github\billware-csgo-v2\intermediate\imgui_impl_dx9.obj
c:\users\phatpeen\documents\github\billware-csgo-v2\intermediate\imgui_widgets.obj
c:\users\phatpeen\documents\github\billware-csgo-v2\intermediate\vc143.pdb
c:\users\phatpeen\documents\github\billware-csgo-v2\bin\release\billwarev2.dll
c:\users\phatpeen\documents\github\billware-csgo-v2\bin\release\billwarev2.pdb
c:\users\phatpeen\documents\github\billware-csgo-v2\intermediate\billwarev2.tlog\cl.command.1.tlog
c:\users\phatpeen\documents\github\billware-csgo-v2\intermediate\billwarev2.tlog\cl.items.tlog
c:\users\phatpeen\documents\github\billware-csgo-v2\intermediate\billwarev2.tlog\cl.read.1.tlog
c:\users\phatpeen\documents\github\billware-csgo-v2\intermediate\billwarev2.tlog\cl.write.1.tlog
c:\users\phatpeen\documents\github\billware-csgo-v2\intermediate\billwarev2.tlog\link.command.1.tlog
c:\users\phatpeen\documents\github\billware-csgo-v2\intermediate\billwarev2.tlog\link.read.1.tlog
c:\users\phatpeen\documents\github\billware-csgo-v2\intermediate\billwarev2.tlog\link.secondary.1.tlog
c:\users\phatpeen\documents\github\billware-csgo-v2\intermediate\billwarev2.tlog\link.write.1.tlog
