C:\Program Files\Microsoft Visual Studio\2022\Community\MSBuild\Microsoft\VC\v170\Microsoft.CppBuild.targets(516,5): warning MSB8004: Intermediate Directory does not end with a trailing slash.  This build instance will add the slash as it is required to allow proper evaluation of the Intermediate Directory.
C:\Program Files\Microsoft Visual Studio\2022\Community\MSBuild\Microsoft\VC\v170\Microsoft.CppBuild.targets(517,5): warning MSB8004: Output Directory does not end with a trailing slash.  This build instance will add the slash as it is required to allow proper evaluation of the Output Directory.
C:\Program Files\Microsoft Visual Studio\2022\Community\MSBuild\Microsoft\VC\v170\Microsoft.CppBuild.targets(531,5): warning MSB8028: The intermediate directory (.\intermediate\) contains files shared from another project (delusional.vcxproj).  This can lead to incorrect clean and rebuild behavior.
  advanced_move.cpp
  create_move.cpp
C:\Program Files\Microsoft Visual Studio\2022\Community\VC\Tools\MSVC\14.39.33519\include\chrono(2330,9): warning C4530: C++ exception handler used, but unwind semantics are not enabled. Specify /EHsc
  (compiling source file 'features/movement/advanced/advanced_move.cpp')
  
C:\Program Files\Microsoft Visual Studio\2022\Community\VC\Tools\MSVC\14.39.33519\include\chrono(2330,9): warning C4530: C++ exception handler used, but unwind semantics are not enabled. Specify /EHsc
  (compiling source file 'hooks/functions/create_move.cpp')
  
  Generating code
  5 of 20054 functions (<0.1%) were compiled, the rest were copied from previous compilation.
    0 functions were new in current compilation
    53 functions had inline decision re-evaluated but remain unchanged
  Finished generating code
freetype.lib(autofit.obj) : warning LNK4099: PDB '' was not found with 'freetype.lib(autofit.obj)' or at ''; linking object as if no debug info
freetype.lib(ftbase.obj) : warning LNK4099: PDB '' was not found with 'freetype.lib(ftbase.obj)' or at ''; linking object as if no debug info
freetype.lib(ftbitmap.obj) : warning LNK4099: PDB '' was not found with 'freetype.lib(ftbitmap.obj)' or at ''; linking object as if no debug info
freetype.lib(ftinit.obj) : warning LNK4099: PDB '' was not found with 'freetype.lib(ftinit.obj)' or at ''; linking object as if no debug info
freetype.lib(ftsynth.obj) : warning LNK4099: PDB '' was not found with 'freetype.lib(ftsynth.obj)' or at ''; linking object as if no debug info
freetype.lib(bdf.obj) : warning LNK4099: PDB '' was not found with 'freetype.lib(bdf.obj)' or at ''; linking object as if no debug info
freetype.lib(cff.obj) : warning LNK4099: PDB '' was not found with 'freetype.lib(cff.obj)' or at ''; linking object as if no debug info
freetype.lib(type1cid.obj) : warning LNK4099: PDB '' was not found with 'freetype.lib(type1cid.obj)' or at ''; linking object as if no debug info
freetype.lib(ftgzip.obj) : warning LNK4099: PDB '' was not found with 'freetype.lib(ftgzip.obj)' or at ''; linking object as if no debug info
freetype.lib(ftlzw.obj) : warning LNK4099: PDB '' was not found with 'freetype.lib(ftlzw.obj)' or at ''; linking object as if no debug info
freetype.lib(pcf.obj) : warning LNK4099: PDB '' was not found with 'freetype.lib(pcf.obj)' or at ''; linking object as if no debug info
freetype.lib(pfr.obj) : warning LNK4099: PDB '' was not found with 'freetype.lib(pfr.obj)' or at ''; linking object as if no debug info
freetype.lib(psaux.obj) : warning LNK4099: PDB '' was not found with 'freetype.lib(psaux.obj)' or at ''; linking object as if no debug info
freetype.lib(pshinter.obj) : warning LNK4099: PDB '' was not found with 'freetype.lib(pshinter.obj)' or at ''; linking object as if no debug info
freetype.lib(psmodule.obj) : warning LNK4099: PDB '' was not found with 'freetype.lib(psmodule.obj)' or at ''; linking object as if no debug info
freetype.lib(raster.obj) : warning LNK4099: PDB '' was not found with 'freetype.lib(raster.obj)' or at ''; linking object as if no debug info
freetype.lib(sfnt.obj) : warning LNK4099: PDB '' was not found with 'freetype.lib(sfnt.obj)' or at ''; linking object as if no debug info
freetype.lib(smooth.obj) : warning LNK4099: PDB '' was not found with 'freetype.lib(smooth.obj)' or at ''; linking object as if no debug info
freetype.lib(sdf.obj) : warning LNK4099: PDB '' was not found with 'freetype.lib(sdf.obj)' or at ''; linking object as if no debug info
freetype.lib(truetype.obj) : warning LNK4099: PDB '' was not found with 'freetype.lib(truetype.obj)' or at ''; linking object as if no debug info
freetype.lib(type1.obj) : warning LNK4099: PDB '' was not found with 'freetype.lib(type1.obj)' or at ''; linking object as if no debug info
freetype.lib(type42.obj) : warning LNK4099: PDB '' was not found with 'freetype.lib(type42.obj)' or at ''; linking object as if no debug info
freetype.lib(winfnt.obj) : warning LNK4099: PDB '' was not found with 'freetype.lib(winfnt.obj)' or at ''; linking object as if no debug info
freetype.lib(ftdebug.obj) : warning LNK4099: PDB '' was not found with 'freetype.lib(ftdebug.obj)' or at ''; linking object as if no debug info
freetype.lib(ftsystem.obj) : warning LNK4099: PDB '' was not found with 'freetype.lib(ftsystem.obj)' or at ''; linking object as if no debug info
  delusional.vcxproj -> C:\Users\phatpeen\Documents\GitHub\csgo-internal\bin\release\release.dll
