c:\users\phatpeen\documents\github\liminal-sdk\intermediate\backtrack.obj
c:\users\phatpeen\documents\github\liminal-sdk\intermediate\skins.obj
c:\users\phatpeen\documents\github\liminal-sdk\intermediate\is_connected.obj
c:\users\phatpeen\documents\github\liminal-sdk\intermediate\rpc_connection.obj
c:\users\phatpeen\documents\github\liminal-sdk\intermediate\serialization.obj
c:\users\phatpeen\documents\github\liminal-sdk\intermediate\imgui_draw.obj
c:\users\phatpeen\documents\github\liminal-sdk\intermediate\imgui_impl_win32.obj
c:\users\phatpeen\documents\github\liminal-sdk\intermediate\imgui_tables.obj
c:\users\phatpeen\documents\github\liminal-sdk\intermediate\imgui_freetype.obj
c:\users\phatpeen\documents\github\liminal-sdk\intermediate\config.obj
c:\users\phatpeen\documents\github\liminal-sdk\intermediate\autowall.obj
c:\users\phatpeen\documents\github\liminal-sdk\intermediate\visuals.obj
c:\users\phatpeen\documents\github\liminal-sdk\intermediate\on_jump.obj
c:\users\phatpeen\documents\github\liminal-sdk\intermediate\menu.obj
c:\users\phatpeen\documents\github\liminal-sdk\intermediate\prediction.obj
c:\users\phatpeen\documents\github\liminal-sdk\intermediate\frame_stage_notify.obj
c:\users\phatpeen\documents\github\liminal-sdk\intermediate\discord_rpc_load.obj
c:\users\phatpeen\documents\github\liminal-sdk\intermediate\triggerbot.obj
c:\users\phatpeen\documents\github\liminal-sdk\intermediate\glow.obj
c:\users\phatpeen\documents\github\liminal-sdk\intermediate\list_leaves_in_box.obj
c:\users\phatpeen\documents\github\liminal-sdk\intermediate\imgui_impl_dx9.obj
c:\users\phatpeen\documents\github\liminal-sdk\intermediate\imgui_widgets.obj
c:\users\phatpeen\documents\github\liminal-sdk\intermediate\scripts.obj
c:\users\phatpeen\documents\github\liminal-sdk\intermediate\hooks.obj
c:\users\phatpeen\documents\github\liminal-sdk\intermediate\scaleform.obj
c:\users\phatpeen\documents\github\liminal-sdk\intermediate\get_color_modulation.obj
c:\users\phatpeen\documents\github\liminal-sdk\intermediate\sv_pure.obj
c:\users\phatpeen\documents\github\liminal-sdk\intermediate\advanced_move.obj
c:\users\phatpeen\documents\github\liminal-sdk\intermediate\fire_event.obj
c:\users\phatpeen\documents\github\liminal-sdk\intermediate\vsnprintf.obj
c:\users\phatpeen\documents\github\liminal-sdk\intermediate\misc.obj
c:\users\phatpeen\documents\github\liminal-sdk\intermediate\create_move.obj
c:\users\phatpeen\documents\github\liminal-sdk\intermediate\should_draw_viewmodel.obj
c:\users\phatpeen\documents\github\liminal-sdk\intermediate\calculator.obj
c:\users\phatpeen\documents\github\liminal-sdk\intermediate\base_player.obj
c:\users\phatpeen\documents\github\liminal-sdk\intermediate\override_mouse_input.obj
c:\users\phatpeen\documents\github\liminal-sdk\intermediate\view_matrix.obj
c:\users\phatpeen\documents\github\liminal-sdk\intermediate\rage.obj
c:\users\phatpeen\documents\github\liminal-sdk\intermediate\parser.obj
c:\users\phatpeen\documents\github\liminal-sdk\intermediate\player.obj
c:\users\phatpeen\documents\github\liminal-sdk\intermediate\modify_eye_position.obj
c:\users\phatpeen\documents\github\liminal-sdk\intermediate\vec3.obj
c:\users\phatpeen\documents\github\liminal-sdk\intermediate\draw.obj
c:\users\phatpeen\documents\github\liminal-sdk\intermediate\trainer.obj
c:\users\phatpeen\documents\github\liminal-sdk\intermediate\d3d.obj
c:\users\phatpeen\documents\github\liminal-sdk\intermediate\on_screen_size_changed.obj
c:\users\phatpeen\documents\github\liminal-sdk\intermediate\netvars.obj
c:\users\phatpeen\documents\github\liminal-sdk\intermediate\beta_move.obj
c:\users\phatpeen\documents\github\liminal-sdk\intermediate\alloc_key_values_memory.obj
c:\users\phatpeen\documents\github\liminal-sdk\intermediate\send_datagram.obj
c:\users\phatpeen\documents\github\liminal-sdk\intermediate\sdk.obj
c:\users\phatpeen\documents\github\liminal-sdk\intermediate\dllmain.obj
c:\users\phatpeen\documents\github\liminal-sdk\intermediate\weather.obj
c:\users\phatpeen\documents\github\liminal-sdk\intermediate\override_view.obj
c:\users\phatpeen\documents\github\liminal-sdk\intermediate\render.obj
c:\users\phatpeen\documents\github\liminal-sdk\intermediate\knife_proxy.obj
c:\users\phatpeen\documents\github\liminal-sdk\intermediate\chams.obj
c:\users\phatpeen\documents\github\liminal-sdk\intermediate\level_init_pre_entity.obj
c:\users\phatpeen\documents\github\liminal-sdk\intermediate\imgui.obj
c:\users\phatpeen\documents\github\liminal-sdk\intermediate\events.obj
c:\users\phatpeen\documents\github\liminal-sdk\intermediate\draw_model_execute.obj
c:\users\phatpeen\documents\github\liminal-sdk\intermediate\connection_win.obj
c:\users\phatpeen\documents\github\liminal-sdk\intermediate\discord_register_win.obj
c:\users\phatpeen\documents\github\liminal-sdk\intermediate\discord_rpc.obj
c:\users\phatpeen\documents\github\liminal-sdk\intermediate\imgui_stdlib.obj
c:\users\phatpeen\documents\github\liminal-sdk\intermediate\custom.obj
c:\users\phatpeen\documents\github\liminal-sdk\intermediate\jumpstats.obj
c:\users\phatpeen\documents\github\liminal-sdk\intermediate\draw_set_color.obj
c:\users\phatpeen\documents\github\liminal-sdk\intermediate\push_notice.obj
c:\users\phatpeen\documents\github\liminal-sdk\intermediate\movement.obj
c:\users\phatpeen\documents\github\liminal-sdk\intermediate\emit_sound.obj
c:\users\phatpeen\documents\github\liminal-sdk\intermediate\supports_full_depth.obj
c:\users\phatpeen\documents\github\liminal-sdk\intermediate\aimbot.obj
c:\users\phatpeen\documents\github\liminal-sdk\intermediate\grenade_prediction.obj
c:\users\phatpeen\documents\github\liminal-sdk\intermediate\lock_cursor.obj
c:\users\phatpeen\documents\github\liminal-sdk\intermediate\jsoncpp.obj
c:\users\phatpeen\documents\github\liminal-sdk\intermediate\structures.obj
c:\users\phatpeen\documents\github\liminal-sdk\intermediate\cache.obj
c:\users\phatpeen\documents\github\liminal-sdk\intermediate\do_post_screen_effects.obj
c:\users\phatpeen\documents\github\liminal-sdk\intermediate\paint_traverse.obj
c:\users\phatpeen\documents\github\liminal-sdk\intermediate\color.obj
c:\users\phatpeen\documents\github\liminal-sdk\intermediate\recorder.obj
c:\users\phatpeen\documents\github\liminal-sdk\intermediate\get_screen_aspect_ratio.obj
c:\users\phatpeen\documents\github\liminal-sdk\intermediate\set_visuals_data.obj
c:\users\phatpeen\documents\github\liminal-sdk\intermediate\vc143.pdb
c:\users\phatpeen\documents\github\liminal-sdk\intermediate\ldump.obj
c:\users\phatpeen\documents\github\liminal-sdk\intermediate\lstrlib.obj
c:\users\phatpeen\documents\github\liminal-sdk\intermediate\lapi.obj
c:\users\phatpeen\documents\github\liminal-sdk\intermediate\ltablib.obj
c:\users\phatpeen\documents\github\liminal-sdk\intermediate\lcode.obj
c:\users\phatpeen\documents\github\liminal-sdk\intermediate\lzio.obj
c:\users\phatpeen\documents\github\liminal-sdk\intermediate\llex.obj
c:\users\phatpeen\documents\github\liminal-sdk\intermediate\hde32.obj
c:\users\phatpeen\documents\github\liminal-sdk\intermediate\loadlib.obj
c:\users\phatpeen\documents\github\liminal-sdk\intermediate\ldblib.obj
c:\users\phatpeen\documents\github\liminal-sdk\intermediate\lutf8lib.obj
c:\users\phatpeen\documents\github\liminal-sdk\intermediate\lauxlib.obj
c:\users\phatpeen\documents\github\liminal-sdk\intermediate\trampoline.obj
c:\users\phatpeen\documents\github\liminal-sdk\intermediate\ldebug.obj
c:\users\phatpeen\documents\github\liminal-sdk\intermediate\hook.obj
c:\users\phatpeen\documents\github\liminal-sdk\intermediate\lctype.obj
c:\users\phatpeen\documents\github\liminal-sdk\intermediate\loslib.obj
c:\users\phatpeen\documents\github\liminal-sdk\intermediate\lfunc.obj
c:\users\phatpeen\documents\github\liminal-sdk\intermediate\lopcodes.obj
c:\users\phatpeen\documents\github\liminal-sdk\intermediate\lua.obj
c:\users\phatpeen\documents\github\liminal-sdk\intermediate\lbaselib.obj
c:\users\phatpeen\documents\github\liminal-sdk\intermediate\ltable.obj
c:\users\phatpeen\documents\github\liminal-sdk\intermediate\lmem.obj
c:\users\phatpeen\documents\github\liminal-sdk\intermediate\lparser.obj
c:\users\phatpeen\documents\github\liminal-sdk\intermediate\liolib.obj
c:\users\phatpeen\documents\github\liminal-sdk\intermediate\buffer.obj
c:\users\phatpeen\documents\github\liminal-sdk\intermediate\lcorolib.obj
c:\users\phatpeen\documents\github\liminal-sdk\intermediate\hde64.obj
c:\users\phatpeen\documents\github\liminal-sdk\intermediate\lmathlib.obj
c:\users\phatpeen\documents\github\liminal-sdk\intermediate\lstring.obj
c:\users\phatpeen\documents\github\liminal-sdk\intermediate\lobject.obj
c:\users\phatpeen\documents\github\liminal-sdk\intermediate\lgc.obj
c:\users\phatpeen\documents\github\liminal-sdk\intermediate\lvm.obj
c:\users\phatpeen\documents\github\liminal-sdk\intermediate\lbitlib.obj
c:\users\phatpeen\documents\github\liminal-sdk\intermediate\ltm.obj
c:\users\phatpeen\documents\github\liminal-sdk\intermediate\linit.obj
c:\users\phatpeen\documents\github\liminal-sdk\intermediate\lundump.obj
c:\users\phatpeen\documents\github\liminal-sdk\intermediate\ldo.obj
c:\users\phatpeen\documents\github\liminal-sdk\intermediate\lstate.obj
c:\users\phatpeen\documents\github\csgo-m_hook\bin\release\liminal.dll
c:\users\phatpeen\documents\github\csgo-m_hook\bin\release\liminal.pdb
c:\users\phatpeen\documents\github\liminal-sdk\bin\release\liminal.dll
c:\users\phatpeen\documents\github\liminal-sdk\bin\release\liminal.pdb
c:\users\phatpeen\documents\github\liminal-sdk\intermediate\liminal.tlog\cl.command.1.tlog
c:\users\phatpeen\documents\github\liminal-sdk\intermediate\liminal.tlog\cl.items.tlog
c:\users\phatpeen\documents\github\liminal-sdk\intermediate\liminal.tlog\cl.read.1.tlog
c:\users\phatpeen\documents\github\liminal-sdk\intermediate\liminal.tlog\cl.write.1.tlog
c:\users\phatpeen\documents\github\liminal-sdk\intermediate\liminal.tlog\link.command.1.tlog
c:\users\phatpeen\documents\github\liminal-sdk\intermediate\liminal.tlog\link.read.1.tlog
c:\users\phatpeen\documents\github\liminal-sdk\intermediate\liminal.tlog\link.secondary.1.tlog
c:\users\phatpeen\documents\github\liminal-sdk\intermediate\liminal.tlog\link.write.1.tlog
