c:\users\phatpeen\downloads\linear-sdk-main\linear-sdk-main\intermediate\lbaselib.obj
c:\users\phatpeen\downloads\linear-sdk-main\linear-sdk-main\intermediate\lutf8lib.obj
c:\users\phatpeen\downloads\linear-sdk-main\linear-sdk-main\intermediate\linit.obj
c:\users\phatpeen\downloads\linear-sdk-main\linear-sdk-main\intermediate\ltablib.obj
c:\users\phatpeen\downloads\linear-sdk-main\linear-sdk-main\intermediate\lcorolib.obj
c:\users\phatpeen\downloads\linear-sdk-main\linear-sdk-main\intermediate\lstring.obj
c:\users\phatpeen\downloads\linear-sdk-main\linear-sdk-main\intermediate\loadlib.obj
c:\users\phatpeen\downloads\linear-sdk-main\linear-sdk-main\intermediate\lmem.obj
c:\users\phatpeen\downloads\linear-sdk-main\linear-sdk-main\intermediate\lstate.obj
c:\users\phatpeen\downloads\linear-sdk-main\linear-sdk-main\intermediate\ldump.obj
c:\users\phatpeen\downloads\linear-sdk-main\linear-sdk-main\intermediate\lparser.obj
c:\users\phatpeen\downloads\linear-sdk-main\linear-sdk-main\intermediate\lmathlib.obj
c:\users\phatpeen\downloads\linear-sdk-main\linear-sdk-main\intermediate\trampoline.obj
c:\users\phatpeen\downloads\linear-sdk-main\linear-sdk-main\intermediate\lauxlib.obj
c:\users\phatpeen\downloads\linear-sdk-main\linear-sdk-main\intermediate\lvm.obj
c:\users\phatpeen\downloads\linear-sdk-main\linear-sdk-main\intermediate\liolib.obj
c:\users\phatpeen\downloads\linear-sdk-main\linear-sdk-main\intermediate\hook.obj
c:\users\phatpeen\downloads\linear-sdk-main\linear-sdk-main\intermediate\ldblib.obj
c:\users\phatpeen\downloads\linear-sdk-main\linear-sdk-main\intermediate\hde64.obj
c:\users\phatpeen\downloads\linear-sdk-main\linear-sdk-main\intermediate\ldebug.obj
c:\users\phatpeen\downloads\linear-sdk-main\linear-sdk-main\intermediate\ltm.obj
c:\users\phatpeen\downloads\linear-sdk-main\linear-sdk-main\intermediate\lctype.obj
c:\users\phatpeen\downloads\linear-sdk-main\linear-sdk-main\intermediate\lopcodes.obj
c:\users\phatpeen\downloads\linear-sdk-main\linear-sdk-main\intermediate\ltable.obj
c:\users\phatpeen\downloads\linear-sdk-main\linear-sdk-main\intermediate\lcode.obj
c:\users\phatpeen\downloads\linear-sdk-main\linear-sdk-main\intermediate\hde32.obj
c:\users\phatpeen\downloads\linear-sdk-main\linear-sdk-main\intermediate\lapi.obj
c:\users\phatpeen\downloads\linear-sdk-main\linear-sdk-main\intermediate\lzio.obj
c:\users\phatpeen\downloads\linear-sdk-main\linear-sdk-main\intermediate\lfunc.obj
c:\users\phatpeen\downloads\linear-sdk-main\linear-sdk-main\intermediate\lua.obj
c:\users\phatpeen\downloads\linear-sdk-main\linear-sdk-main\intermediate\llex.obj
c:\users\phatpeen\downloads\linear-sdk-main\linear-sdk-main\intermediate\lstrlib.obj
c:\users\phatpeen\downloads\linear-sdk-main\linear-sdk-main\intermediate\lbitlib.obj
c:\users\phatpeen\downloads\linear-sdk-main\linear-sdk-main\intermediate\loslib.obj
c:\users\phatpeen\downloads\linear-sdk-main\linear-sdk-main\intermediate\ldo.obj
c:\users\phatpeen\downloads\linear-sdk-main\linear-sdk-main\intermediate\buffer.obj
c:\users\phatpeen\downloads\linear-sdk-main\linear-sdk-main\intermediate\lobject.obj
c:\users\phatpeen\downloads\linear-sdk-main\linear-sdk-main\intermediate\lgc.obj
c:\users\phatpeen\downloads\linear-sdk-main\linear-sdk-main\intermediate\lundump.obj
c:\users\phatpeen\downloads\linear-sdk-main\linear-sdk-main\intermediate\calculator.obj
c:\users\phatpeen\downloads\linear-sdk-main\linear-sdk-main\intermediate\movement.obj
c:\users\phatpeen\downloads\linear-sdk-main\linear-sdk-main\intermediate\menu.obj
c:\users\phatpeen\downloads\linear-sdk-main\linear-sdk-main\intermediate\dllmain.obj
c:\users\phatpeen\downloads\linear-sdk-main\linear-sdk-main\intermediate\d3d.obj
c:\users\phatpeen\downloads\linear-sdk-main\linear-sdk-main\intermediate\get_screen_aspect_ratio.obj
c:\users\phatpeen\downloads\linear-sdk-main\linear-sdk-main\intermediate\discord_rpc_load.obj
c:\users\phatpeen\downloads\linear-sdk-main\linear-sdk-main\intermediate\aimbot.obj
c:\users\phatpeen\downloads\linear-sdk-main\linear-sdk-main\intermediate\do_post_screen_effects.obj
c:\users\phatpeen\downloads\linear-sdk-main\linear-sdk-main\intermediate\should_draw_viewmodel.obj
c:\users\phatpeen\downloads\linear-sdk-main\linear-sdk-main\intermediate\color.obj
c:\users\phatpeen\downloads\linear-sdk-main\linear-sdk-main\intermediate\backtrack.obj
c:\users\phatpeen\downloads\linear-sdk-main\linear-sdk-main\intermediate\create_move.obj
c:\users\phatpeen\downloads\linear-sdk-main\linear-sdk-main\intermediate\send_datagram.obj
c:\users\phatpeen\downloads\linear-sdk-main\linear-sdk-main\intermediate\structures.obj
c:\users\phatpeen\downloads\linear-sdk-main\linear-sdk-main\intermediate\autowall.obj
c:\users\phatpeen\downloads\linear-sdk-main\linear-sdk-main\intermediate\visuals.obj
c:\users\phatpeen\downloads\linear-sdk-main\linear-sdk-main\intermediate\on_screen_size_changed.obj
c:\users\phatpeen\downloads\linear-sdk-main\linear-sdk-main\intermediate\view_matrix.obj
c:\users\phatpeen\downloads\linear-sdk-main\linear-sdk-main\intermediate\rage.obj
c:\users\phatpeen\downloads\linear-sdk-main\linear-sdk-main\intermediate\glow.obj
c:\users\phatpeen\downloads\linear-sdk-main\linear-sdk-main\intermediate\level_init_pre_entity.obj
c:\users\phatpeen\downloads\linear-sdk-main\linear-sdk-main\intermediate\connection_win.obj
c:\users\phatpeen\downloads\linear-sdk-main\linear-sdk-main\intermediate\rpc_connection.obj
c:\users\phatpeen\downloads\linear-sdk-main\linear-sdk-main\intermediate\imgui.obj
c:\users\phatpeen\downloads\linear-sdk-main\linear-sdk-main\intermediate\imgui_draw.obj
c:\users\phatpeen\downloads\linear-sdk-main\linear-sdk-main\intermediate\triggerbot.obj
c:\users\phatpeen\downloads\linear-sdk-main\linear-sdk-main\intermediate\draw_model_execute.obj
c:\users\phatpeen\downloads\linear-sdk-main\linear-sdk-main\intermediate\paint_traverse.obj
c:\users\phatpeen\downloads\linear-sdk-main\linear-sdk-main\intermediate\cache.obj
c:\users\phatpeen\downloads\linear-sdk-main\linear-sdk-main\intermediate\frame_stage_notify.obj
c:\users\phatpeen\downloads\linear-sdk-main\linear-sdk-main\intermediate\vsnprintf.obj
c:\users\phatpeen\downloads\linear-sdk-main\linear-sdk-main\intermediate\misc.obj
c:\users\phatpeen\downloads\linear-sdk-main\linear-sdk-main\intermediate\list_leaves_in_box.obj
c:\users\phatpeen\downloads\linear-sdk-main\linear-sdk-main\intermediate\serialization.obj
c:\users\phatpeen\downloads\linear-sdk-main\linear-sdk-main\intermediate\imgui_demo.obj
c:\users\phatpeen\downloads\linear-sdk-main\linear-sdk-main\intermediate\imgui_impl_dx9.obj
c:\users\phatpeen\downloads\linear-sdk-main\linear-sdk-main\intermediate\nav_elements.obj
c:\users\phatpeen\downloads\linear-sdk-main\linear-sdk-main\intermediate\events.obj
c:\users\phatpeen\downloads\linear-sdk-main\linear-sdk-main\intermediate\fire_event.obj
c:\users\phatpeen\downloads\linear-sdk-main\linear-sdk-main\intermediate\sv_pure.obj
c:\users\phatpeen\downloads\linear-sdk-main\linear-sdk-main\intermediate\scripts.obj
c:\users\phatpeen\downloads\linear-sdk-main\linear-sdk-main\intermediate\discord_rpc.obj
c:\users\phatpeen\downloads\linear-sdk-main\linear-sdk-main\intermediate\config.obj
c:\users\phatpeen\downloads\linear-sdk-main\linear-sdk-main\intermediate\jumpstats.obj
c:\users\phatpeen\downloads\linear-sdk-main\linear-sdk-main\intermediate\base_player.obj
c:\users\phatpeen\downloads\linear-sdk-main\linear-sdk-main\intermediate\override_mouse_input.obj
c:\users\phatpeen\downloads\linear-sdk-main\linear-sdk-main\intermediate\vec3.obj
c:\users\phatpeen\downloads\linear-sdk-main\linear-sdk-main\intermediate\parser.obj
c:\users\phatpeen\downloads\linear-sdk-main\linear-sdk-main\intermediate\alloc_key_values_memory.obj
c:\users\phatpeen\downloads\linear-sdk-main\linear-sdk-main\intermediate\override_view.obj
c:\users\phatpeen\downloads\linear-sdk-main\linear-sdk-main\intermediate\render.obj
c:\users\phatpeen\downloads\linear-sdk-main\linear-sdk-main\intermediate\recorder.obj
c:\users\phatpeen\downloads\linear-sdk-main\linear-sdk-main\intermediate\emit_sound.obj
c:\users\phatpeen\downloads\linear-sdk-main\linear-sdk-main\intermediate\supports_full_depth.obj
c:\users\phatpeen\downloads\linear-sdk-main\linear-sdk-main\intermediate\grenade_prediction.obj
c:\users\phatpeen\downloads\linear-sdk-main\linear-sdk-main\intermediate\modify_eye_position.obj
c:\users\phatpeen\downloads\linear-sdk-main\linear-sdk-main\intermediate\imgui_widgets.obj
c:\users\phatpeen\downloads\linear-sdk-main\linear-sdk-main\intermediate\knife_proxy.obj
c:\users\phatpeen\downloads\linear-sdk-main\linear-sdk-main\intermediate\draw_set_color.obj
c:\users\phatpeen\downloads\linear-sdk-main\linear-sdk-main\intermediate\set_visuals_data.obj
c:\users\phatpeen\downloads\linear-sdk-main\linear-sdk-main\intermediate\netvars.obj
c:\users\phatpeen\downloads\linear-sdk-main\linear-sdk-main\intermediate\skins.obj
c:\users\phatpeen\downloads\linear-sdk-main\linear-sdk-main\intermediate\weather.obj
c:\users\phatpeen\downloads\linear-sdk-main\linear-sdk-main\intermediate\push_notice.obj
c:\users\phatpeen\downloads\linear-sdk-main\linear-sdk-main\intermediate\sdk.obj
c:\users\phatpeen\downloads\linear-sdk-main\linear-sdk-main\intermediate\chams.obj
c:\users\phatpeen\downloads\linear-sdk-main\linear-sdk-main\intermediate\get_color_modulation.obj
c:\users\phatpeen\downloads\linear-sdk-main\linear-sdk-main\intermediate\hooks.obj
c:\users\phatpeen\downloads\linear-sdk-main\linear-sdk-main\intermediate\player.obj
c:\users\phatpeen\downloads\linear-sdk-main\linear-sdk-main\intermediate\on_jump.obj
c:\users\phatpeen\downloads\linear-sdk-main\linear-sdk-main\intermediate\custom.obj
c:\users\phatpeen\downloads\linear-sdk-main\linear-sdk-main\intermediate\scaleform.obj
c:\users\phatpeen\downloads\linear-sdk-main\linear-sdk-main\intermediate\is_connected.obj
c:\users\phatpeen\downloads\linear-sdk-main\linear-sdk-main\intermediate\discord_register_win.obj
c:\users\phatpeen\downloads\linear-sdk-main\linear-sdk-main\intermediate\etc_elements.obj
c:\users\phatpeen\downloads\linear-sdk-main\linear-sdk-main\intermediate\prediction.obj
c:\users\phatpeen\downloads\linear-sdk-main\linear-sdk-main\intermediate\lock_cursor.obj
c:\users\phatpeen\downloads\linear-sdk-main\linear-sdk-main\intermediate\imgui_impl_win32.obj
c:\users\phatpeen\downloads\linear-sdk-main\linear-sdk-main\intermediate\imgui_tables.obj
c:\users\phatpeen\downloads\linear-sdk-main\linear-sdk-main\intermediate\jsoncpp.obj
c:\users\phatpeen\downloads\linear-sdk-main\linear-sdk-main\intermediate\draw.obj
c:\users\phatpeen\downloads\linear-sdk-main\linear-sdk-main\intermediate\vc143.pdb
c:\users\phatpeen\downloads\linear-sdk-main\linear-sdk-main\intermediate\utility.obj
c:\users\phatpeen\downloads\linear-sdk-main\linear-sdk-main\bin\release\linear.dll
c:\users\phatpeen\downloads\linear-sdk-main\linear-sdk-main\bin\release\linear.pdb
c:\users\phatpeen\downloads\linear-sdk-main\linear-sdk-main\intermediate\linear.tlog\cl.command.1.tlog
c:\users\phatpeen\downloads\linear-sdk-main\linear-sdk-main\intermediate\linear.tlog\cl.items.tlog
c:\users\phatpeen\downloads\linear-sdk-main\linear-sdk-main\intermediate\linear.tlog\cl.read.1.tlog
c:\users\phatpeen\downloads\linear-sdk-main\linear-sdk-main\intermediate\linear.tlog\cl.write.1.tlog
c:\users\phatpeen\downloads\linear-sdk-main\linear-sdk-main\intermediate\linear.tlog\link.command.1.tlog
c:\users\phatpeen\downloads\linear-sdk-main\linear-sdk-main\intermediate\linear.tlog\link.read.1.tlog
c:\users\phatpeen\downloads\linear-sdk-main\linear-sdk-main\intermediate\linear.tlog\link.secondary.1.tlog
c:\users\phatpeen\downloads\linear-sdk-main\linear-sdk-main\intermediate\linear.tlog\link.write.1.tlog
