C:\Program Files\Microsoft Visual Studio\2022\Community\MSBuild\Microsoft\VC\v170\Microsoft.CppBuild.targets(516,5): warning MSB8004: Intermediate Directory does not end with a trailing slash.  This build instance will add the slash as it is required to allow proper evaluation of the Intermediate Directory.
C:\Program Files\Microsoft Visual Studio\2022\Community\MSBuild\Microsoft\VC\v170\Microsoft.CppBuild.targets(517,5): warning MSB8004: Output Directory does not end with a trailing slash.  This build instance will add the slash as it is required to allow proper evaluation of the Output Directory.
C:\Program Files\Microsoft Visual Studio\2022\Community\MSBuild\Microsoft\VC\v170\Microsoft.CppBuild.targets(531,5): warning MSB8028: The intermediate directory (.\intermediate\) contains files shared from another project (csgo sdk.vcxproj, delusional.vcxproj, illusory.vcxproj, mHook.vcxproj).  This can lead to incorrect clean and rebuild behavior.
  dllmain.cpp
  aimbot.cpp
  autowall.cpp
  backtrack.cpp
  rage.cpp
  triggerbot.cpp
  cache.cpp
  events.cpp
  jumpstats.cpp
  misc.cpp
  advanced_move.cpp
  beta_move.cpp
  calculator.cpp
  movement.cpp
  trainer.cpp
  recorder.cpp
  scaleform.cpp
  prediction.cpp
  scripts.cpp
  knife_proxy.cpp
  parser.cpp
C:\Program Files\Microsoft Visual Studio\2022\Community\VC\Tools\MSVC\14.39.33519\include\chrono(2330,9): warning C4530: C++ exception handler used, but unwind semantics are not enabled. Specify /EHsc
  (compiling source file 'features/panorama/scaleform.cpp')
  
C:\Program Files\Microsoft Visual Studio\2022\Community\VC\Tools\MSVC\14.39.33519\include\chrono(2330,9): warning C4530: C++ exception handler used, but unwind semantics are not enabled. Specify /EHsc
  (compiling source file 'features/movement/advanced/advanced_move.cpp')
  
C:\Program Files\Microsoft Visual Studio\2022\Community\VC\Tools\MSVC\14.39.33519\include\chrono(2330,9): warning C4530: C++ exception handler used, but unwind semantics are not enabled. Specify /EHsc
  (compiling source file 'dllmain.cpp')
  
C:\Program Files\Microsoft Visual Studio\2022\Community\VC\Tools\MSVC\14.39.33519\include\chrono(2330,9): warning C4530: C++ exception handler used, but unwind semantics are not enabled. Specify /EHsc
  (compiling source file 'features/cache/cache.cpp')
  
C:\Program Files\Microsoft Visual Studio\2022\Community\VC\Tools\MSVC\14.39.33519\include\chrono(2330,9): warning C4530: C++ exception handler used, but unwind semantics are not enabled. Specify /EHsc
  (compiling source file 'features/movement/recorder.cpp')
  
C:\Program Files\Microsoft Visual Studio\2022\Community\VC\Tools\MSVC\14.39.33519\include\chrono(2330,9): warning C4530: C++ exception handler used, but unwind semantics are not enabled. Specify /EHsc
  (compiling source file 'features/skins/parser.cpp')
  
C:\Program Files\Microsoft Visual Studio\2022\Community\VC\Tools\MSVC\14.39.33519\include\chrono(2330,9): warning C4530: C++ exception handler used, but unwind semantics are not enabled. Specify /EHsc
  (compiling source file 'features/aimbot/backtrack.cpp')
  
C:\Program Files\Microsoft Visual Studio\2022\Community\VC\Tools\MSVC\14.39.33519\include\chrono(2330,9): warning C4530: C++ exception handler used, but unwind semantics are not enabled. Specify /EHsc
  (compiling source file 'features/misc/jumpstats.cpp')
  
C:\Program Files\Microsoft Visual Studio\2022\Community\VC\Tools\MSVC\14.39.33519\include\chrono(2330,9): warning C4530: C++ exception handler used, but unwind semantics are not enabled. Specify /EHsc
  (compiling source file 'features/movement/advanced/beta_move.cpp')
  
C:\Program Files\Microsoft Visual Studio\2022\Community\VC\Tools\MSVC\14.39.33519\include\chrono(2330,9): warning C4530: C++ exception handler used, but unwind semantics are not enabled. Specify /EHsc
  (compiling source file 'features/skins/knife_proxy.cpp')
  
C:\Program Files\Microsoft Visual Studio\2022\Community\VC\Tools\MSVC\14.39.33519\include\chrono(2330,9): warning C4530: C++ exception handler used, but unwind semantics are not enabled. Specify /EHsc
  (compiling source file 'features/aimbot/triggerbot.cpp')
  
C:\Program Files\Microsoft Visual Studio\2022\Community\VC\Tools\MSVC\14.39.33519\include\chrono(2330,9): warning C4530: C++ exception handler used, but unwind semantics are not enabled. Specify /EHsc
  (compiling source file 'features/aimbot/aimbot.cpp')
  
C:\Program Files\Microsoft Visual Studio\2022\Community\VC\Tools\MSVC\14.39.33519\include\chrono(2330,9): warning C4530: C++ exception handler used, but unwind semantics are not enabled. Specify /EHsc
  (compiling source file 'features/aimbot/autowall.cpp')
  
C:\Program Files\Microsoft Visual Studio\2022\Community\VC\Tools\MSVC\14.39.33519\include\chrono(2330,9): warning C4530: C++ exception handler used, but unwind semantics are not enabled. Specify /EHsc
  (compiling source file 'features/movement/calculator.cpp')
  
C:\Program Files\Microsoft Visual Studio\2022\Community\VC\Tools\MSVC\14.39.33519\include\chrono(2330,9): warning C4530: C++ exception handler used, but unwind semantics are not enabled. Specify /EHsc
  (compiling source file 'features/scripts/scripts.cpp')
  
C:\Program Files\Microsoft Visual Studio\2022\Community\VC\Tools\MSVC\14.39.33519\include\chrono(2330,9): warning C4530: C++ exception handler used, but unwind semantics are not enabled. Specify /EHsc
  (compiling source file 'features/events/events.cpp')
  
C:\Program Files\Microsoft Visual Studio\2022\Community\VC\Tools\MSVC\14.39.33519\include\chrono(2330,9): warning C4530: C++ exception handler used, but unwind semantics are not enabled. Specify /EHsc
  (compiling source file 'features/movement/prediction/trainer.cpp')
  
C:\Program Files\Microsoft Visual Studio\2022\Community\VC\Tools\MSVC\14.39.33519\include\chrono(2330,9): warning C4530: C++ exception handler used, but unwind semantics are not enabled. Specify /EHsc
  (compiling source file 'features/misc/misc.cpp')
  
C:\Program Files\Microsoft Visual Studio\2022\Community\VC\Tools\MSVC\14.39.33519\include\chrono(2330,9): warning C4530: C++ exception handler used, but unwind semantics are not enabled. Specify /EHsc
  (compiling source file 'features/movement/movement.cpp')
  
C:\Program Files\Microsoft Visual Studio\2022\Community\VC\Tools\MSVC\14.39.33519\include\chrono(2330,9): warning C4530: C++ exception handler used, but unwind semantics are not enabled. Specify /EHsc
  (compiling source file 'features/movement/prediction/prediction.cpp')
  
  skins.cpp
  chams.cpp
  glow.cpp
  grenade_prediction.cpp
  player.cpp
  visuals.cpp
C:\Program Files\Microsoft Visual Studio\2022\Community\VC\Tools\MSVC\14.39.33519\include\chrono(2330,9): warning C4530: C++ exception handler used, but unwind semantics are not enabled. Specify /EHsc
  (compiling source file 'features/skins/skins.cpp')
  
C:\Program Files\Microsoft Visual Studio\2022\Community\VC\Tools\MSVC\14.39.33519\include\chrono(2330,9): warning C4530: C++ exception handler used, but unwind semantics are not enabled. Specify /EHsc
  (compiling source file 'features/visuals/chams.cpp')
  
C:\Program Files\Microsoft Visual Studio\2022\Community\VC\Tools\MSVC\14.39.33519\include\chrono(2330,9): warning C4530: C++ exception handler used, but unwind semantics are not enabled. Specify /EHsc
  (compiling source file 'features/visuals/grenade_prediction.cpp')
  
C:\Program Files\Microsoft Visual Studio\2022\Community\VC\Tools\MSVC\14.39.33519\include\xutility(4537,18): warning C4244: '=': conversion from 'wchar_t' to 'char', possible loss of data
  (compiling source file 'features/misc/misc.cpp')
  C:\Program Files\Microsoft Visual Studio\2022\Community\VC\Tools\MSVC\14.39.33519\include\xutility(4537,18):
  the template instantiation context (the oldest one first) is
  	C:\Users\phatpeen\Documents\GitHub\csgo-m_hook\features\misc\misc.cpp(928,20):
  	see reference to function template instantiation 'std::basic_string<char,std::char_traits<char>,std::allocator<char>>::basic_string<std::_String_iterator<std::_String_val<std::_Simple_types<_Elem>>>,0>(_Iter,_Iter,const _Alloc &)' being compiled
          with
          [
              _Elem=wchar_t,
              _Iter=std::_String_iterator<std::_String_val<std::_Simple_types<wchar_t>>>,
              _Alloc=std::allocator<char>
          ]
  		C:\Users\phatpeen\Documents\GitHub\csgo-m_hook\features\misc\misc.cpp(928,20):
  		see the first reference to 'std::basic_string<char,std::char_traits<char>,std::allocator<char>>::basic_string' in 'features::misc::handle_spotify'
  	C:\Program Files\Microsoft Visual Studio\2022\Community\VC\Tools\MSVC\14.39.33519\include\xstring(2600,17):
  	see reference to function template instantiation 'void std::basic_string<char,std::char_traits<char>,std::allocator<char>>::_Construct_from_iter<wchar_t*,wchar_t*,_Size_type>(_Iter,const _Sent,_Size)' being compiled
          with
          [
              _Size_type=unsigned int,
              _Iter=wchar_t *,
              _Sent=wchar_t *,
              _Size=unsigned int
          ]
  	C:\Program Files\Microsoft Visual Studio\2022\Community\VC\Tools\MSVC\14.39.33519\include\xstring(2756,18):
  	see reference to function template instantiation '_OutIt *std::_Copy_n_unchecked4<wchar_t*,_Size,char*>(_InIt,_SizeTy,_OutIt)' being compiled
          with
          [
              _OutIt=char *,
              _Size=unsigned int,
              _InIt=wchar_t *,
              _SizeTy=unsigned int
          ]
  
  weather.cpp
C:\Program Files\Microsoft Visual Studio\2022\Community\VC\Tools\MSVC\14.39.33519\include\chrono(2330,9): warning C4530: C++ exception handler used, but unwind semantics are not enabled. Specify /EHsc
  (compiling source file 'features/visuals/glow.cpp')
  
C:\Program Files\Microsoft Visual Studio\2022\Community\VC\Tools\MSVC\14.39.33519\include\chrono(2330,9): warning C4530: C++ exception handler used, but unwind semantics are not enabled. Specify /EHsc
  (compiling source file 'features/visuals/visuals.cpp')
  
C:\Program Files\Microsoft Visual Studio\2022\Community\VC\Tools\MSVC\14.39.33519\include\chrono(2330,9): warning C4530: C++ exception handler used, but unwind semantics are not enabled. Specify /EHsc
  (compiling source file 'features/visuals/player.cpp')
  
  alloc_key_values_memory.cpp
  base_player.cpp
  create_move.cpp
  d3d.cpp
  do_post_screen_effects.cpp
  draw_model_execute.cpp
  draw_set_color.cpp
  emit_sound.cpp
  fire_event.cpp
  frame_stage_notify.cpp
  get_color_modulation.cpp
  get_screen_aspect_ratio.cpp
C:\Program Files\Microsoft Visual Studio\2022\Community\VC\Tools\MSVC\14.39.33519\include\chrono(2330,9): warning C4530: C++ exception handler used, but unwind semantics are not enabled. Specify /EHsc
  (compiling source file 'features/visuals/weather.cpp')
  
C:\Program Files\Microsoft Visual Studio\2022\Community\VC\Tools\MSVC\14.39.33519\include\chrono(2330,9): warning C4530: C++ exception handler used, but unwind semantics are not enabled. Specify /EHsc
  (compiling source file 'hooks/functions/alloc_key_values_memory.cpp')
  
C:\Program Files\Microsoft Visual Studio\2022\Community\VC\Tools\MSVC\14.39.33519\include\chrono(2330,9): warning C4530: C++ exception handler used, but unwind semantics are not enabled. Specify /EHsc
  (compiling source file 'hooks/functions/create_move.cpp')
  
C:\Program Files\Microsoft Visual Studio\2022\Community\VC\Tools\MSVC\14.39.33519\include\chrono(2330,9): warning C4530: C++ exception handler used, but unwind semantics are not enabled. Specify /EHsc
  (compiling source file 'hooks/functions/d3d.cpp')
  
C:\Program Files\Microsoft Visual Studio\2022\Community\VC\Tools\MSVC\14.39.33519\include\chrono(2330,9): warning C4530: C++ exception handler used, but unwind semantics are not enabled. Specify /EHsc
  (compiling source file 'hooks/functions/draw_model_execute.cpp')
  
C:\Program Files\Microsoft Visual Studio\2022\Community\VC\Tools\MSVC\14.39.33519\include\chrono(2330,9): warning C4530: C++ exception handler used, but unwind semantics are not enabled. Specify /EHsc
  (compiling source file 'hooks/functions/base_player.cpp')
  
  is_connected.cpp
C:\Program Files\Microsoft Visual Studio\2022\Community\VC\Tools\MSVC\14.39.33519\include\chrono(2330,9): warning C4530: C++ exception handler used, but unwind semantics are not enabled. Specify /EHsc
  (compiling source file 'hooks/functions/emit_sound.cpp')
  
C:\Program Files\Microsoft Visual Studio\2022\Community\VC\Tools\MSVC\14.39.33519\include\chrono(2330,9): warning C4530: C++ exception handler used, but unwind semantics are not enabled. Specify /EHsc
  (compiling source file 'hooks/functions/do_post_screen_effects.cpp')
  
C:\Program Files\Microsoft Visual Studio\2022\Community\VC\Tools\MSVC\14.39.33519\include\chrono(2330,9): warning C4530: C++ exception handler used, but unwind semantics are not enabled. Specify /EHsc
  (compiling source file 'hooks/functions/draw_set_color.cpp')
  
C:\Program Files\Microsoft Visual Studio\2022\Community\VC\Tools\MSVC\14.39.33519\include\chrono(2330,9): warning C4530: C++ exception handler used, but unwind semantics are not enabled. Specify /EHsc
  (compiling source file 'hooks/functions/fire_event.cpp')
  
C:\Program Files\Microsoft Visual Studio\2022\Community\VC\Tools\MSVC\14.39.33519\include\chrono(2330,9): warning C4530: C++ exception handler used, but unwind semantics are not enabled. Specify /EHsc
  (compiling source file 'hooks/functions/frame_stage_notify.cpp')
  
C:\Program Files\Microsoft Visual Studio\2022\Community\VC\Tools\MSVC\14.39.33519\include\chrono(2330,9): warning C4530: C++ exception handler used, but unwind semantics are not enabled. Specify /EHsc
  (compiling source file 'hooks/functions/get_screen_aspect_ratio.cpp')
  
C:\Program Files\Microsoft Visual Studio\2022\Community\VC\Tools\MSVC\14.39.33519\include\chrono(2330,9): warning C4530: C++ exception handler used, but unwind semantics are not enabled. Specify /EHsc
  (compiling source file 'hooks/functions/get_color_modulation.cpp')
  
C:\Program Files\Microsoft Visual Studio\2022\Community\VC\Tools\MSVC\14.39.33519\include\chrono(2330,9): warning C4530: C++ exception handler used, but unwind semantics are not enabled. Specify /EHsc
  (compiling source file 'hooks/functions/is_connected.cpp')
  
  level_init_pre_entity.cpp
  list_leaves_in_box.cpp
  lock_cursor.cpp
  modify_eye_position.cpp
  on_jump.cpp
C:\Program Files\Microsoft Visual Studio\2022\Community\VC\Tools\MSVC\14.39.33519\include\chrono(2330,9): warning C4530: C++ exception handler used, but unwind semantics are not enabled. Specify /EHsc
  (compiling source file 'hooks/functions/level_init_pre_entity.cpp')
  
  on_screen_size_changed.cpp
  override_mouse_input.cpp
C:\Program Files\Microsoft Visual Studio\2022\Community\VC\Tools\MSVC\14.39.33519\include\chrono(2330,9): warning C4530: C++ exception handler used, but unwind semantics are not enabled. Specify /EHsc
  (compiling source file 'hooks/functions/list_leaves_in_box.cpp')
  
C:\Program Files\Microsoft Visual Studio\2022\Community\VC\Tools\MSVC\14.39.33519\include\chrono(2330,9): warning C4530: C++ exception handler used, but unwind semantics are not enabled. Specify /EHsc
  (compiling source file 'hooks/functions/lock_cursor.cpp')
  
C:\Program Files\Microsoft Visual Studio\2022\Community\VC\Tools\MSVC\14.39.33519\include\chrono(2330,9): warning C4530: C++ exception handler used, but unwind semantics are not enabled. Specify /EHsc
  (compiling source file 'hooks/functions/modify_eye_position.cpp')
  
  override_view.cpp
  paint_traverse.cpp
  push_notice.cpp
  send_datagram.cpp
  set_visuals_data.cpp
  should_draw_viewmodel.cpp
  supports_full_depth.cpp
C:\Program Files\Microsoft Visual Studio\2022\Community\VC\Tools\MSVC\14.39.33519\include\chrono(2330,9): warning C4530: C++ exception handler used, but unwind semantics are not enabled. Specify /EHsc
  (compiling source file 'hooks/functions/on_jump.cpp')
  
  sv_pure.cpp
  vsnprintf.cpp
  hooks.cpp
  discord_rpc_load.cpp
  connection_win.cpp
  discord_register_win.cpp
  discord_rpc.cpp
C:\Program Files\Microsoft Visual Studio\2022\Community\VC\Tools\MSVC\14.39.33519\include\chrono(2330,9): warning C4530: C++ exception handler used, but unwind semantics are not enabled. Specify /EHsc
  (compiling source file 'hooks/functions/on_screen_size_changed.cpp')
  
C:\Program Files\Microsoft Visual Studio\2022\Community\VC\Tools\MSVC\14.39.33519\include\chrono(2330,9): warning C4530: C++ exception handler used, but unwind semantics are not enabled. Specify /EHsc
  (compiling source file 'hooks/functions/override_mouse_input.cpp')
  
C:\Program Files\Microsoft Visual Studio\2022\Community\VC\Tools\MSVC\14.39.33519\include\chrono(2330,9): warning C4530: C++ exception handler used, but unwind semantics are not enabled. Specify /EHsc
  (compiling source file 'hooks/functions/override_view.cpp')
  
C:\Program Files\Microsoft Visual Studio\2022\Community\VC\Tools\MSVC\14.39.33519\include\chrono(2330,9): warning C4530: C++ exception handler used, but unwind semantics are not enabled. Specify /EHsc
  (compiling source file 'hooks/functions/push_notice.cpp')
  
C:\Program Files\Microsoft Visual Studio\2022\Community\VC\Tools\MSVC\14.39.33519\include\chrono(2330,9): warning C4530: C++ exception handler used, but unwind semantics are not enabled. Specify /EHsc
  (compiling source file 'hooks/functions/set_visuals_data.cpp')
  
C:\Program Files\Microsoft Visual Studio\2022\Community\VC\Tools\MSVC\14.39.33519\include\chrono(2330,9): warning C4530: C++ exception handler used, but unwind semantics are not enabled. Specify /EHsc
  (compiling source file 'hooks/functions/send_datagram.cpp')
  
C:\Program Files\Microsoft Visual Studio\2022\Community\VC\Tools\MSVC\14.39.33519\include\chrono(2330,9): warning C4530: C++ exception handler used, but unwind semantics are not enabled. Specify /EHsc
  (compiling source file 'hooks/functions/paint_traverse.cpp')
  
  rpc_connection.cpp
C:\Program Files\Microsoft Visual Studio\2022\Community\VC\Tools\MSVC\14.39.33519\include\chrono(2330,9): warning C4530: C++ exception handler used, but unwind semantics are not enabled. Specify /EHsc
  (compiling source file 'hooks/functions/should_draw_viewmodel.cpp')
  
C:\Program Files\Microsoft Visual Studio\2022\Community\VC\Tools\MSVC\14.39.33519\include\chrono(2330,9): warning C4530: C++ exception handler used, but unwind semantics are not enabled. Specify /EHsc
  (compiling source file 'hooks/functions/supports_full_depth.cpp')
  
C:\Program Files\Microsoft Visual Studio\2022\Community\VC\Tools\MSVC\14.39.33519\include\chrono(2330,9): warning C4530: C++ exception handler used, but unwind semantics are not enabled. Specify /EHsc
  (compiling source file 'hooks/functions/sv_pure.cpp')
  
C:\Program Files\Microsoft Visual Studio\2022\Community\VC\Tools\MSVC\14.39.33519\include\chrono(2330,9): warning C4530: C++ exception handler used, but unwind semantics are not enabled. Specify /EHsc
  (compiling source file 'hooks/hooks.cpp')
  
  serialization.cpp
C:\Program Files\Microsoft Visual Studio\2022\Community\VC\Tools\MSVC\14.39.33519\include\chrono(2330,9): warning C4530: C++ exception handler used, but unwind semantics are not enabled. Specify /EHsc
  (compiling source file 'hooks/functions/vsnprintf.cpp')
  
C:\Program Files\Microsoft Visual Studio\2022\Community\VC\Tools\MSVC\14.39.33519\include\chrono(2330,9): warning C4530: C++ exception handler used, but unwind semantics are not enabled. Specify /EHsc
  (compiling source file 'includes/discord/discord_rpc_load.cpp')
  
C:\Program Files\Microsoft Visual Studio\2022\Community\VC\Tools\MSVC\14.39.33519\include\chrono(2330,9): warning C4530: C++ exception handler used, but unwind semantics are not enabled. Specify /EHsc
  (compiling source file 'includes/discord/SourceFiles/discord_rpc.cpp')
  
  imgui.cpp
  imgui_draw.cpp
  imgui_impl_dx9.cpp
  imgui_impl_win32.cpp
  imgui_stdlib.cpp
  imgui_tables.cpp
  imgui_widgets.cpp
  imgui_freetype.cpp
  jsoncpp.cpp
  config.cpp
  custom.cpp
  menu.cpp
  vec3.cpp
C:\Program Files\Microsoft Visual Studio\2022\Community\VC\Tools\MSVC\14.39.33519\include\vector(1619,9): warning C4530: C++ exception handler used, but unwind semantics are not enabled. Specify /EHsc
  (compiling source file 'includes/imgui/imgui.cpp')
  C:\Program Files\Microsoft Visual Studio\2022\Community\VC\Tools\MSVC\14.39.33519\include\vector(1619,9):
  the template instantiation context (the oldest one first) is
  	C:\Users\phatpeen\Documents\GitHub\csgo-m_hook\includes\nlohmann\json.hpp(8935,23):
  	see reference to class template instantiation 'nlohmann::basic_json<std::map,std::vector,std::string,bool,int64_t,uint64_t,double,std::allocator,nlohmann::adl_serializer,std::vector<uint8_t,std::allocator<uint8_t>>>' being compiled
  	C:\Users\phatpeen\Documents\GitHub\csgo-m_hook\includes\nlohmann\json.hpp(1296,58):
  	see reference to class template instantiation 'nlohmann::detail::iter_impl<nlohmann::basic_json<std::map,std::vector,std::string,bool,int64_t,uint64_t,double,std::allocator,nlohmann::adl_serializer,std::vector<uint8_t,std::allocator<uint8_t>>>>' being compiled
  	C:\Users\phatpeen\Documents\GitHub\csgo-m_hook\includes\nlohmann\detail\iterators\iter_impl.hpp(643,72):
  	see reference to class template instantiation 'nlohmann::detail::internal_iterator<nlohmann::basic_json<std::map,std::vector,std::string,bool,int64_t,uint64_t,double,std::allocator,nlohmann::adl_serializer,std::vector<uint8_t,std::allocator<uint8_t>>>>' being compiled
  	C:\Users\phatpeen\Documents\GitHub\csgo-m_hook\includes\nlohmann\detail\iterators\internal_iterator.hpp(20,38):
  	see reference to class template instantiation 'std::vector<nlohmann::basic_json<std::map,std::vector,std::string,bool,int64_t,uint64_t,double,std::allocator,nlohmann::adl_serializer,std::vector<uint8_t,std::allocator<uint8_t>>>,std::allocator<nlohmann::basic_json<std::map,std::vector,std::string,bool,int64_t,uint64_t,double,std::allocator,nlohmann::adl_serializer,std::vector<uint8_t,std::allocator<uint8_t>>>>>' being compiled
  	C:\Program Files\Microsoft Visual Studio\2022\Community\VC\Tools\MSVC\14.39.33519\include\vector(1685,23):
  	while compiling class template member function 'void std::vector<nlohmann::basic_json<std::map,std::vector,std::string,bool,int64_t,uint64_t,double,std::allocator,nlohmann::adl_serializer,std::vector<uint8_t,std::allocator<uint8_t>>>,std::allocator<nlohmann::basic_json<std::map,std::vector,std::string,bool,int64_t,uint64_t,double,std::allocator,nlohmann::adl_serializer,std::vector<uint8_t,std::allocator<uint8_t>>>>>::reserve(unsigned int)'
  		C:\Users\phatpeen\Documents\GitHub\csgo-m_hook\includes\nlohmann\json.hpp(1144,34):
  		see the first reference to 'std::vector<nlohmann::basic_json<std::map,std::vector,std::string,bool,int64_t,uint64_t,double,std::allocator,nlohmann::adl_serializer,std::vector<uint8_t,std::allocator<uint8_t>>>,std::allocator<nlohmann::basic_json<std::map,std::vector,std::string,bool,int64_t,uint64_t,double,std::allocator,nlohmann::adl_serializer,std::vector<uint8_t,std::allocator<uint8_t>>>>>::reserve' in 'nlohmann::basic_json<std::map,std::vector,std::string,bool,int64_t,uint64_t,double,std::allocator,nlohmann::adl_serializer,std::vector<uint8_t,std::allocator<uint8_t>>>::json_value::destroy'
  		C:\Users\phatpeen\Documents\GitHub\csgo-m_hook\includes\nlohmann\json.hpp(2318,24):
  		see the first reference to 'nlohmann::basic_json<std::map,std::vector,std::string,bool,int64_t,uint64_t,double,std::allocator,nlohmann::adl_serializer,std::vector<uint8_t,std::allocator<uint8_t>>>::json_value::destroy' in 'nlohmann::basic_json<std::map,std::vector,std::string,bool,int64_t,uint64_t,double,std::allocator,nlohmann::adl_serializer,std::vector<uint8_t,std::allocator<uint8_t>>>::~basic_json'
  		C:\Users\phatpeen\Documents\GitHub\csgo-m_hook\includes\nlohmann\json.hpp(8937,5):
  		see the first reference to 'nlohmann::basic_json<std::map,std::vector,std::string,bool,int64_t,uint64_t,double,std::allocator,nlohmann::adl_serializer,std::vector<uint8_t,std::allocator<uint8_t>>>::~basic_json' in 'operator ""_json'
  	C:\Program Files\Microsoft Visual Studio\2022\Community\VC\Tools\MSVC\14.39.33519\include\vector(1692,13):
  	see reference to function template instantiation 'void std::vector<nlohmann::basic_json<std::map,std::vector,std::string,bool,int64_t,uint64_t,double,std::allocator,nlohmann::adl_serializer,std::vector<uint8_t,std::allocator<uint8_t>>>,std::allocator<nlohmann::basic_json<std::map,std::vector,std::string,bool,int64_t,uint64_t,double,std::allocator,nlohmann::adl_serializer,std::vector<uint8_t,std::allocator<uint8_t>>>>>::_Reallocate<std::vector<nlohmann::basic_json<std::map,std::vector,std::string,bool,int64_t,uint64_t,double,std::allocator,nlohmann::adl_serializer,std::vector<uint8_t,std::allocator<uint8_t>>>,std::allocator<nlohmann::basic_json<std::map,std::vector,std::string,bool,int64_t,uint64_t,double,std::allocator,nlohmann::adl_serializer,std::vector<uint8_t,std::allocator<uint8_t>>>>>::_Reallocation_policy::_At_least>(unsigned int &)' being compiled
  
  view_matrix.cpp
C:\Program Files\Microsoft Visual Studio\2022\Community\VC\Tools\MSVC\14.39.33519\include\ostream(487,17): warning C4530: C++ exception handler used, but unwind semantics are not enabled. Specify /EHsc
  (compiling source file 'includes/json/jsoncpp.cpp')
  C:\Program Files\Microsoft Visual Studio\2022\Community\VC\Tools\MSVC\14.39.33519\include\ostream(487,17):
  the template instantiation context (the oldest one first) is
  	C:\Program Files\Microsoft Visual Studio\2022\Community\VC\Tools\MSVC\14.39.33519\include\ostream(676,75):
  	see reference to class template instantiation 'std::basic_ostream<char,std::char_traits<char>>' being compiled
  	C:\Program Files\Microsoft Visual Studio\2022\Community\VC\Tools\MSVC\14.39.33519\include\ostream(480,39):
  	while compiling class template member function 'std::basic_ostream<char,std::char_traits<char>> &std::basic_ostream<char,std::char_traits<char>>::operator <<(std::basic_streambuf<char,std::char_traits<char>> *)'
  		C:\Users\phatpeen\Documents\GitHub\csgo-m_hook\includes\json\jsoncpp.cpp(2220,14):
  		see the first reference to 'std::basic_ostream<char,std::char_traits<char>>::operator <<' in 'Json::parseFromStream'
  
  netvars.cpp
  sdk.cpp
  color.cpp
  draw.cpp
  render.cpp
C:\Program Files\Microsoft Visual Studio\2022\Community\VC\Tools\MSVC\14.39.33519\include\chrono(2330,9): warning C4530: C++ exception handler used, but unwind semantics are not enabled. Specify /EHsc
  (compiling source file 'menu/config/config.cpp')
  
  structures.cpp
C:\Program Files\Microsoft Visual Studio\2022\Community\VC\Tools\MSVC\14.39.33519\include\vector(1619,9): warning C4530: C++ exception handler used, but unwind semantics are not enabled. Specify /EHsc
  (compiling source file 'includes/imgui/imgui_widgets.cpp')
  C:\Program Files\Microsoft Visual Studio\2022\Community\VC\Tools\MSVC\14.39.33519\include\vector(1619,9):
  the template instantiation context (the oldest one first) is
  	C:\Users\phatpeen\Documents\GitHub\csgo-m_hook\includes\nlohmann\json.hpp(8935,23):
  	see reference to class template instantiation 'nlohmann::basic_json<std::map,std::vector,std::string,bool,int64_t,uint64_t,double,std::allocator,nlohmann::adl_serializer,std::vector<uint8_t,std::allocator<uint8_t>>>' being compiled
  	C:\Users\phatpeen\Documents\GitHub\csgo-m_hook\includes\nlohmann\json.hpp(1296,58):
  	see reference to class template instantiation 'nlohmann::detail::iter_impl<nlohmann::basic_json<std::map,std::vector,std::string,bool,int64_t,uint64_t,double,std::allocator,nlohmann::adl_serializer,std::vector<uint8_t,std::allocator<uint8_t>>>>' being compiled
  	C:\Users\phatpeen\Documents\GitHub\csgo-m_hook\includes\nlohmann\detail\iterators\iter_impl.hpp(643,72):
  	see reference to class template instantiation 'nlohmann::detail::internal_iterator<nlohmann::basic_json<std::map,std::vector,std::string,bool,int64_t,uint64_t,double,std::allocator,nlohmann::adl_serializer,std::vector<uint8_t,std::allocator<uint8_t>>>>' being compiled
  	C:\Users\phatpeen\Documents\GitHub\csgo-m_hook\includes\nlohmann\detail\iterators\internal_iterator.hpp(20,38):
  	see reference to class template instantiation 'std::vector<nlohmann::basic_json<std::map,std::vector,std::string,bool,int64_t,uint64_t,double,std::allocator,nlohmann::adl_serializer,std::vector<uint8_t,std::allocator<uint8_t>>>,std::allocator<nlohmann::basic_json<std::map,std::vector,std::string,bool,int64_t,uint64_t,double,std::allocator,nlohmann::adl_serializer,std::vector<uint8_t,std::allocator<uint8_t>>>>>' being compiled
  	C:\Program Files\Microsoft Visual Studio\2022\Community\VC\Tools\MSVC\14.39.33519\include\vector(1685,23):
  	while compiling class template member function 'void std::vector<nlohmann::basic_json<std::map,std::vector,std::string,bool,int64_t,uint64_t,double,std::allocator,nlohmann::adl_serializer,std::vector<uint8_t,std::allocator<uint8_t>>>,std::allocator<nlohmann::basic_json<std::map,std::vector,std::string,bool,int64_t,uint64_t,double,std::allocator,nlohmann::adl_serializer,std::vector<uint8_t,std::allocator<uint8_t>>>>>::reserve(unsigned int)'
  		C:\Users\phatpeen\Documents\GitHub\csgo-m_hook\includes\nlohmann\json.hpp(1144,34):
  		see the first reference to 'std::vector<nlohmann::basic_json<std::map,std::vector,std::string,bool,int64_t,uint64_t,double,std::allocator,nlohmann::adl_serializer,std::vector<uint8_t,std::allocator<uint8_t>>>,std::allocator<nlohmann::basic_json<std::map,std::vector,std::string,bool,int64_t,uint64_t,double,std::allocator,nlohmann::adl_serializer,std::vector<uint8_t,std::allocator<uint8_t>>>>>::reserve' in 'nlohmann::basic_json<std::map,std::vector,std::string,bool,int64_t,uint64_t,double,std::allocator,nlohmann::adl_serializer,std::vector<uint8_t,std::allocator<uint8_t>>>::json_value::destroy'
  		C:\Users\phatpeen\Documents\GitHub\csgo-m_hook\includes\nlohmann\json.hpp(2318,24):
  		see the first reference to 'nlohmann::basic_json<std::map,std::vector,std::string,bool,int64_t,uint64_t,double,std::allocator,nlohmann::adl_serializer,std::vector<uint8_t,std::allocator<uint8_t>>>::json_value::destroy' in 'nlohmann::basic_json<std::map,std::vector,std::string,bool,int64_t,uint64_t,double,std::allocator,nlohmann::adl_serializer,std::vector<uint8_t,std::allocator<uint8_t>>>::~basic_json'
  		C:\Users\phatpeen\Documents\GitHub\csgo-m_hook\includes\nlohmann\json.hpp(8937,5):
  		see the first reference to 'nlohmann::basic_json<std::map,std::vector,std::string,bool,int64_t,uint64_t,double,std::allocator,nlohmann::adl_serializer,std::vector<uint8_t,std::allocator<uint8_t>>>::~basic_json' in 'operator ""_json'
  	C:\Program Files\Microsoft Visual Studio\2022\Community\VC\Tools\MSVC\14.39.33519\include\vector(1692,13):
  	see reference to function template instantiation 'void std::vector<nlohmann::basic_json<std::map,std::vector,std::string,bool,int64_t,uint64_t,double,std::allocator,nlohmann::adl_serializer,std::vector<uint8_t,std::allocator<uint8_t>>>,std::allocator<nlohmann::basic_json<std::map,std::vector,std::string,bool,int64_t,uint64_t,double,std::allocator,nlohmann::adl_serializer,std::vector<uint8_t,std::allocator<uint8_t>>>>>::_Reallocate<std::vector<nlohmann::basic_json<std::map,std::vector,std::string,bool,int64_t,uint64_t,double,std::allocator,nlohmann::adl_serializer,std::vector<uint8_t,std::allocator<uint8_t>>>,std::allocator<nlohmann::basic_json<std::map,std::vector,std::string,bool,int64_t,uint64_t,double,std::allocator,nlohmann::adl_serializer,std::vector<uint8_t,std::allocator<uint8_t>>>>>::_Reallocation_policy::_At_least>(unsigned int &)' being compiled
  
C:\Program Files\Microsoft Visual Studio\2022\Community\VC\Tools\MSVC\14.39.33519\include\chrono(2330,9): warning C4530: C++ exception handler used, but unwind semantics are not enabled. Specify /EHsc
  (compiling source file 'menu/custom.cpp')
  
C:\Program Files\Microsoft Visual Studio\2022\Community\VC\Tools\MSVC\14.39.33519\include\chrono(2330,9): warning C4530: C++ exception handler used, but unwind semantics are not enabled. Specify /EHsc
  (compiling source file 'menu/menu.cpp')
  
C:\Program Files\Microsoft Visual Studio\2022\Community\VC\Tools\MSVC\14.39.33519\include\chrono(2330,9): warning C4530: C++ exception handler used, but unwind semantics are not enabled. Specify /EHsc
  (compiling source file 'sdk/sdk.cpp')
  
C:\Program Files\Microsoft Visual Studio\2022\Community\VC\Tools\MSVC\14.39.33519\include\chrono(2330,9): warning C4530: C++ exception handler used, but unwind semantics are not enabled. Specify /EHsc
  (compiling source file 'utils/render/render.cpp')
  
C:\Program Files\Microsoft Visual Studio\2022\Community\VC\Tools\MSVC\14.39.33519\include\chrono(2330,9): warning C4530: C++ exception handler used, but unwind semantics are not enabled. Specify /EHsc
  (compiling source file 'sdk/netvars/netvars.cpp')
  
C:\Program Files\Microsoft Visual Studio\2022\Community\VC\Tools\MSVC\14.39.33519\include\chrono(2330,9): warning C4530: C++ exception handler used, but unwind semantics are not enabled. Specify /EHsc
  (compiling source file 'utils/render/draw.cpp')
  
