c:\users\phatpeen\documents\github\csgo-internal\intermediate\jumpstats.obj
c:\users\phatpeen\documents\github\csgo-internal\intermediate\get_screen_aspect_ratio.obj
c:\users\phatpeen\documents\github\csgo-internal\intermediate\should_draw_viewmodel.obj
c:\users\phatpeen\documents\github\csgo-internal\intermediate\backtrack.obj
c:\users\phatpeen\documents\github\csgo-internal\intermediate\visuals.obj
c:\users\phatpeen\documents\github\csgo-internal\intermediate\on_screen_size_changed.obj
c:\users\phatpeen\documents\github\csgo-internal\intermediate\view_matrix.obj
c:\users\phatpeen\documents\github\csgo-internal\intermediate\draw.obj
c:\users\phatpeen\documents\github\csgo-internal\intermediate\prediction.obj
c:\users\phatpeen\documents\github\csgo-internal\intermediate\get_color_modulation.obj
c:\users\phatpeen\documents\github\csgo-internal\intermediate\sv_pure.obj
c:\users\phatpeen\documents\github\csgo-internal\intermediate\scaleform.obj
c:\users\phatpeen\documents\github\csgo-internal\intermediate\draw_set_color.obj
c:\users\phatpeen\documents\github\csgo-internal\intermediate\discord_rpc_load.obj
c:\users\phatpeen\documents\github\csgo-internal\intermediate\cache.obj
c:\users\phatpeen\documents\github\csgo-internal\intermediate\d3d.obj
c:\users\phatpeen\documents\github\csgo-internal\intermediate\push_notice.obj
c:\users\phatpeen\documents\github\csgo-internal\intermediate\recorder.obj
c:\users\phatpeen\documents\github\csgo-internal\intermediate\level_init_pre_entity.obj
c:\users\phatpeen\documents\github\csgo-internal\intermediate\discord_rpc.obj
c:\users\phatpeen\documents\github\csgo-internal\intermediate\imgui_tables.obj
c:\users\phatpeen\documents\github\csgo-internal\intermediate\imgui_widgets.obj
c:\users\phatpeen\documents\github\csgo-internal\intermediate\rage.obj
c:\users\phatpeen\documents\github\csgo-internal\intermediate\chams.obj
c:\users\phatpeen\documents\github\csgo-internal\intermediate\do_post_screen_effects.obj
c:\users\phatpeen\documents\github\csgo-internal\intermediate\send_datagram.obj
c:\users\phatpeen\documents\github\csgo-internal\intermediate\movement.obj
c:\users\phatpeen\documents\github\csgo-internal\intermediate\frame_stage_notify.obj
c:\users\phatpeen\documents\github\csgo-internal\intermediate\hooks.obj
c:\users\phatpeen\documents\github\csgo-internal\intermediate\trainer.obj
c:\users\phatpeen\documents\github\csgo-internal\intermediate\emit_sound.obj
c:\users\phatpeen\documents\github\csgo-internal\intermediate\supports_full_depth.obj
c:\users\phatpeen\documents\github\csgo-internal\intermediate\autowall.obj
c:\users\phatpeen\documents\github\csgo-internal\intermediate\alloc_key_values_memory.obj
c:\users\phatpeen\documents\github\csgo-internal\intermediate\modify_eye_position.obj
c:\users\phatpeen\documents\github\csgo-internal\intermediate\netvars.obj
c:\users\phatpeen\documents\github\csgo-internal\intermediate\parser.obj
c:\users\phatpeen\documents\github\csgo-internal\intermediate\base_player.obj
c:\users\phatpeen\documents\github\csgo-internal\intermediate\override_view.obj
c:\users\phatpeen\documents\github\csgo-internal\intermediate\color.obj
c:\users\phatpeen\documents\github\csgo-internal\intermediate\calculator.obj
c:\users\phatpeen\documents\github\csgo-internal\intermediate\is_connected.obj
c:\users\phatpeen\documents\github\csgo-internal\intermediate\discord_register_win.obj
c:\users\phatpeen\documents\github\csgo-internal\intermediate\serialization.obj
c:\users\phatpeen\documents\github\csgo-internal\intermediate\imgui_draw.obj
c:\users\phatpeen\documents\github\csgo-internal\intermediate\imgui_impl_dx9.obj
c:\users\phatpeen\documents\github\csgo-internal\intermediate\imgui_impl_win32.obj
c:\users\phatpeen\documents\github\csgo-internal\intermediate\imgui_stdlib.obj
c:\users\phatpeen\documents\github\csgo-internal\intermediate\imgui_freetype.obj
c:\users\phatpeen\documents\github\csgo-internal\intermediate\jsoncpp.obj
c:\users\phatpeen\documents\github\csgo-internal\intermediate\render.obj
c:\users\phatpeen\documents\github\csgo-internal\intermediate\aimbot.obj
c:\users\phatpeen\documents\github\csgo-internal\intermediate\player.obj
c:\users\phatpeen\documents\github\csgo-internal\intermediate\override_mouse_input.obj
c:\users\phatpeen\documents\github\csgo-internal\intermediate\sdk.obj
c:\users\phatpeen\documents\github\csgo-internal\intermediate\scripts.obj
c:\users\phatpeen\documents\github\csgo-internal\intermediate\connection_win.obj
c:\users\phatpeen\documents\github\csgo-internal\intermediate\rpc_connection.obj
c:\users\phatpeen\documents\github\csgo-internal\intermediate\imgui.obj
c:\users\phatpeen\documents\github\csgo-internal\intermediate\custom.obj
c:\users\phatpeen\documents\github\csgo-internal\intermediate\knife_proxy.obj
c:\users\phatpeen\documents\github\csgo-internal\intermediate\weather.obj
c:\users\phatpeen\documents\github\csgo-internal\intermediate\lock_cursor.obj
c:\users\phatpeen\documents\github\csgo-internal\intermediate\vec3.obj
c:\users\phatpeen\documents\github\csgo-internal\intermediate\structures.obj
c:\users\phatpeen\documents\github\csgo-internal\intermediate\dllmain.obj
c:\users\phatpeen\documents\github\csgo-internal\intermediate\create_move.obj
c:\users\phatpeen\documents\github\csgo-internal\intermediate\paint_traverse.obj
c:\users\phatpeen\documents\github\csgo-internal\intermediate\misc.obj
c:\users\phatpeen\documents\github\csgo-internal\intermediate\draw_model_execute.obj
c:\users\phatpeen\documents\github\csgo-internal\intermediate\set_visuals_data.obj
c:\users\phatpeen\documents\github\csgo-internal\intermediate\events.obj
c:\users\phatpeen\documents\github\csgo-internal\intermediate\fire_event.obj
c:\users\phatpeen\documents\github\csgo-internal\intermediate\vsnprintf.obj
c:\users\phatpeen\documents\github\csgo-internal\intermediate\triggerbot.obj
c:\users\phatpeen\documents\github\csgo-internal\intermediate\grenade_prediction.obj
c:\users\phatpeen\documents\github\csgo-internal\intermediate\on_jump.obj
c:\users\phatpeen\documents\github\csgo-internal\intermediate\menu.obj
c:\users\phatpeen\documents\github\csgo-internal\intermediate\skins.obj
c:\users\phatpeen\documents\github\csgo-internal\intermediate\glow.obj
c:\users\phatpeen\documents\github\csgo-internal\intermediate\list_leaves_in_box.obj
c:\users\phatpeen\documents\github\csgo-internal\intermediate\config.obj
c:\users\phatpeen\documents\github\csgo-internal\intermediate\vc143.pdb
c:\users\phatpeen\documents\github\csgo-internal\intermediate\lbaselib.obj
c:\users\phatpeen\documents\github\csgo-internal\intermediate\hook.obj
c:\users\phatpeen\documents\github\csgo-internal\intermediate\lauxlib.obj
c:\users\phatpeen\documents\github\csgo-internal\intermediate\hde64.obj
c:\users\phatpeen\documents\github\csgo-internal\intermediate\lgc.obj
c:\users\phatpeen\documents\github\csgo-internal\intermediate\ltablib.obj
c:\users\phatpeen\documents\github\csgo-internal\intermediate\ldump.obj
c:\users\phatpeen\documents\github\csgo-internal\intermediate\lparser.obj
c:\users\phatpeen\documents\github\csgo-internal\intermediate\ldblib.obj
c:\users\phatpeen\documents\github\csgo-internal\intermediate\hde32.obj
c:\users\phatpeen\documents\github\csgo-internal\intermediate\lobject.obj
c:\users\phatpeen\documents\github\csgo-internal\intermediate\lcorolib.obj
c:\users\phatpeen\documents\github\csgo-internal\intermediate\lvm.obj
c:\users\phatpeen\documents\github\csgo-internal\intermediate\ldo.obj
c:\users\phatpeen\documents\github\csgo-internal\intermediate\lutf8lib.obj
c:\users\phatpeen\documents\github\csgo-internal\intermediate\lmem.obj
c:\users\phatpeen\documents\github\csgo-internal\intermediate\lstate.obj
c:\users\phatpeen\documents\github\csgo-internal\intermediate\lmathlib.obj
c:\users\phatpeen\documents\github\csgo-internal\intermediate\lzio.obj
c:\users\phatpeen\documents\github\csgo-internal\intermediate\llex.obj
c:\users\phatpeen\documents\github\csgo-internal\intermediate\lundump.obj
c:\users\phatpeen\documents\github\csgo-internal\intermediate\lapi.obj
c:\users\phatpeen\documents\github\csgo-internal\intermediate\ltm.obj
c:\users\phatpeen\documents\github\csgo-internal\intermediate\liolib.obj
c:\users\phatpeen\documents\github\csgo-internal\intermediate\trampoline.obj
c:\users\phatpeen\documents\github\csgo-internal\intermediate\linit.obj
c:\users\phatpeen\documents\github\csgo-internal\intermediate\lstring.obj
c:\users\phatpeen\documents\github\csgo-internal\intermediate\lfunc.obj
c:\users\phatpeen\documents\github\csgo-internal\intermediate\loslib.obj
c:\users\phatpeen\documents\github\csgo-internal\intermediate\lctype.obj
c:\users\phatpeen\documents\github\csgo-internal\intermediate\lopcodes.obj
c:\users\phatpeen\documents\github\csgo-internal\intermediate\buffer.obj
c:\users\phatpeen\documents\github\csgo-internal\intermediate\lbitlib.obj
c:\users\phatpeen\documents\github\csgo-internal\intermediate\lstrlib.obj
c:\users\phatpeen\documents\github\csgo-internal\intermediate\loadlib.obj
c:\users\phatpeen\documents\github\csgo-internal\intermediate\lcode.obj
c:\users\phatpeen\documents\github\csgo-internal\intermediate\lua.obj
c:\users\phatpeen\documents\github\csgo-internal\intermediate\ldebug.obj
c:\users\phatpeen\documents\github\csgo-internal\intermediate\ltable.obj
c:\users\phatpeen\documents\github\csgo-internal\bin\release\release.dll
c:\users\phatpeen\documents\github\csgo-internal\bin\release\release.pdb
c:\users\phatpeen\documents\github\csgo-internal\intermediate\release.ipdb
c:\users\phatpeen\documents\github\csgo-internal\intermediate\release.iobj
c:\users\phatpeen\documents\github\csgo-internal\intermediate\csgo sdk.tlog\cl.command.1.tlog
c:\users\phatpeen\documents\github\csgo-internal\intermediate\csgo sdk.tlog\cl.items.tlog
c:\users\phatpeen\documents\github\csgo-internal\intermediate\csgo sdk.tlog\cl.read.1.tlog
c:\users\phatpeen\documents\github\csgo-internal\intermediate\csgo sdk.tlog\cl.write.1.tlog
c:\users\phatpeen\documents\github\csgo-internal\intermediate\csgo sdk.tlog\link.command.1.tlog
c:\users\phatpeen\documents\github\csgo-internal\intermediate\csgo sdk.tlog\link.read.1.tlog
c:\users\phatpeen\documents\github\csgo-internal\intermediate\csgo sdk.tlog\link.secondary.1.tlog
c:\users\phatpeen\documents\github\csgo-internal\intermediate\csgo sdk.tlog\link.write.1.tlog
